10:10:26.085 [Thread-2] ERROR c.g.b.i.s.n.ServerProcessor - [processNewResponses,170] - 发送请求异常
com.geega.bsc.id.common.exception.DistributedIdException: 异常：上一个Send请求未完成，又开始Send请求了
	at com.geega.bsc.id.common.network.DistributedIdChannel.setSend(DistributedIdChannel.java:107)
	at com.geega.bsc.id.server.network.ServerProcessor.sendResponse(ServerProcessor.java:184)
	at com.geega.bsc.id.server.network.ServerProcessor.processNewResponses(ServerProcessor.java:166)
	at com.geega.bsc.id.server.network.ServerProcessor.run(ServerProcessor.java:84)
10:10:26.093 [Thread-2] ERROR c.g.b.i.s.n.ServerProcessor - [processNewResponses,170] - 发送请求异常
com.geega.bsc.id.common.exception.DistributedIdException: 异常：上一个Send请求未完成，又开始Send请求了
	at com.geega.bsc.id.common.network.DistributedIdChannel.setSend(DistributedIdChannel.java:107)
	at com.geega.bsc.id.server.network.ServerProcessor.sendResponse(ServerProcessor.java:184)
	at com.geega.bsc.id.server.network.ServerProcessor.processNewResponses(ServerProcessor.java:166)
	at com.geega.bsc.id.server.network.ServerProcessor.run(ServerProcessor.java:84)
10:10:26.094 [Thread-2] ERROR c.g.b.i.s.n.ServerProcessor - [processNewResponses,170] - 发送请求异常
com.geega.bsc.id.common.exception.DistributedIdException: 异常：上一个Send请求未完成，又开始Send请求了
	at com.geega.bsc.id.common.network.DistributedIdChannel.setSend(DistributedIdChannel.java:107)
	at com.geega.bsc.id.server.network.ServerProcessor.sendResponse(ServerProcessor.java:184)
	at com.geega.bsc.id.server.network.ServerProcessor.processNewResponses(ServerProcessor.java:166)
	at com.geega.bsc.id.server.network.ServerProcessor.run(ServerProcessor.java:84)
10:10:26.094 [Thread-2] ERROR c.g.b.i.s.n.ServerProcessor - [processNewResponses,170] - 发送请求异常
com.geega.bsc.id.common.exception.DistributedIdException: 异常：上一个Send请求未完成，又开始Send请求了
	at com.geega.bsc.id.common.network.DistributedIdChannel.setSend(DistributedIdChannel.java:107)
	at com.geega.bsc.id.server.network.ServerProcessor.sendResponse(ServerProcessor.java:184)
	at com.geega.bsc.id.server.network.ServerProcessor.processNewResponses(ServerProcessor.java:166)
	at com.geega.bsc.id.server.network.ServerProcessor.run(ServerProcessor.java:84)
10:10:26.095 [Thread-2] ERROR c.g.b.i.s.n.ServerProcessor - [processNewResponses,170] - 发送请求异常
com.geega.bsc.id.common.exception.DistributedIdException: 异常：上一个Send请求未完成，又开始Send请求了
	at com.geega.bsc.id.common.network.DistributedIdChannel.setSend(DistributedIdChannel.java:107)
	at com.geega.bsc.id.server.network.ServerProcessor.sendResponse(ServerProcessor.java:184)
	at com.geega.bsc.id.server.network.ServerProcessor.processNewResponses(ServerProcessor.java:166)
	at com.geega.bsc.id.server.network.ServerProcessor.run(ServerProcessor.java:84)
10:10:26.096 [Thread-2] ERROR c.g.b.i.s.n.ServerProcessor - [processNewResponses,170] - 发送请求异常
com.geega.bsc.id.common.exception.DistributedIdException: 异常：上一个Send请求未完成，又开始Send请求了
	at com.geega.bsc.id.common.network.DistributedIdChannel.setSend(DistributedIdChannel.java:107)
	at com.geega.bsc.id.server.network.ServerProcessor.sendResponse(ServerProcessor.java:184)
	at com.geega.bsc.id.server.network.ServerProcessor.processNewResponses(ServerProcessor.java:166)
	at com.geega.bsc.id.server.network.ServerProcessor.run(ServerProcessor.java:84)
10:10:26.096 [Thread-2] ERROR c.g.b.i.s.n.ServerProcessor - [processNewResponses,170] - 发送请求异常
com.geega.bsc.id.common.exception.DistributedIdException: 异常：上一个Send请求未完成，又开始Send请求了
	at com.geega.bsc.id.common.network.DistributedIdChannel.setSend(DistributedIdChannel.java:107)
	at com.geega.bsc.id.server.network.ServerProcessor.sendResponse(ServerProcessor.java:184)
	at com.geega.bsc.id.server.network.ServerProcessor.processNewResponses(ServerProcessor.java:166)
	at com.geega.bsc.id.server.network.ServerProcessor.run(ServerProcessor.java:84)
10:10:26.097 [Thread-2] ERROR c.g.b.i.s.n.ServerProcessor - [processNewResponses,170] - 发送请求异常
com.geega.bsc.id.common.exception.DistributedIdException: 异常：上一个Send请求未完成，又开始Send请求了
	at com.geega.bsc.id.common.network.DistributedIdChannel.setSend(DistributedIdChannel.java:107)
	at com.geega.bsc.id.server.network.ServerProcessor.sendResponse(ServerProcessor.java:184)
	at com.geega.bsc.id.server.network.ServerProcessor.processNewResponses(ServerProcessor.java:166)
	at com.geega.bsc.id.server.network.ServerProcessor.run(ServerProcessor.java:84)
10:10:26.098 [Thread-2] ERROR c.g.b.i.s.n.ServerProcessor - [processNewResponses,170] - 发送请求异常
com.geega.bsc.id.common.exception.DistributedIdException: 异常：上一个Send请求未完成，又开始Send请求了
	at com.geega.bsc.id.common.network.DistributedIdChannel.setSend(DistributedIdChannel.java:107)
	at com.geega.bsc.id.server.network.ServerProcessor.sendResponse(ServerProcessor.java:184)
	at com.geega.bsc.id.server.network.ServerProcessor.processNewResponses(ServerProcessor.java:166)
	at com.geega.bsc.id.server.network.ServerProcessor.run(ServerProcessor.java:84)
10:10:26.098 [Thread-2] ERROR c.g.b.i.s.n.ServerProcessor - [processNewResponses,170] - 发送请求异常
com.geega.bsc.id.common.exception.DistributedIdException: 异常：上一个Send请求未完成，又开始Send请求了
	at com.geega.bsc.id.common.network.DistributedIdChannel.setSend(DistributedIdChannel.java:107)
	at com.geega.bsc.id.server.network.ServerProcessor.sendResponse(ServerProcessor.java:184)
	at com.geega.bsc.id.server.network.ServerProcessor.processNewResponses(ServerProcessor.java:166)
	at com.geega.bsc.id.server.network.ServerProcessor.run(ServerProcessor.java:84)
10:10:26.099 [Thread-2] ERROR c.g.b.i.s.n.ServerProcessor - [processNewResponses,170] - 发送请求异常
com.geega.bsc.id.common.exception.DistributedIdException: 异常：上一个Send请求未完成，又开始Send请求了
	at com.geega.bsc.id.common.network.DistributedIdChannel.setSend(DistributedIdChannel.java:107)
	at com.geega.bsc.id.server.network.ServerProcessor.sendResponse(ServerProcessor.java:184)
	at com.geega.bsc.id.server.network.ServerProcessor.processNewResponses(ServerProcessor.java:166)
	at com.geega.bsc.id.server.network.ServerProcessor.run(ServerProcessor.java:84)
10:10:26.100 [Thread-2] ERROR c.g.b.i.s.n.ServerProcessor - [processNewResponses,170] - 发送请求异常
com.geega.bsc.id.common.exception.DistributedIdException: 异常：上一个Send请求未完成，又开始Send请求了
	at com.geega.bsc.id.common.network.DistributedIdChannel.setSend(DistributedIdChannel.java:107)
	at com.geega.bsc.id.server.network.ServerProcessor.sendResponse(ServerProcessor.java:184)
	at com.geega.bsc.id.server.network.ServerProcessor.processNewResponses(ServerProcessor.java:166)
	at com.geega.bsc.id.server.network.ServerProcessor.run(ServerProcessor.java:84)
10:10:26.101 [Thread-2] ERROR c.g.b.i.s.n.ServerProcessor - [processNewResponses,170] - 发送请求异常
com.geega.bsc.id.common.exception.DistributedIdException: 异常：上一个Send请求未完成，又开始Send请求了
	at com.geega.bsc.id.common.network.DistributedIdChannel.setSend(DistributedIdChannel.java:107)
	at com.geega.bsc.id.server.network.ServerProcessor.sendResponse(ServerProcessor.java:184)
	at com.geega.bsc.id.server.network.ServerProcessor.processNewResponses(ServerProcessor.java:166)
	at com.geega.bsc.id.server.network.ServerProcessor.run(ServerProcessor.java:84)
10:10:26.101 [Thread-2] ERROR c.g.b.i.s.n.ServerProcessor - [processNewResponses,170] - 发送请求异常
com.geega.bsc.id.common.exception.DistributedIdException: 异常：上一个Send请求未完成，又开始Send请求了
	at com.geega.bsc.id.common.network.DistributedIdChannel.setSend(DistributedIdChannel.java:107)
	at com.geega.bsc.id.server.network.ServerProcessor.sendResponse(ServerProcessor.java:184)
	at com.geega.bsc.id.server.network.ServerProcessor.processNewResponses(ServerProcessor.java:166)
	at com.geega.bsc.id.server.network.ServerProcessor.run(ServerProcessor.java:84)
10:10:26.102 [Thread-2] ERROR c.g.b.i.s.n.ServerProcessor - [processNewResponses,170] - 发送请求异常
com.geega.bsc.id.common.exception.DistributedIdException: 异常：上一个Send请求未完成，又开始Send请求了
	at com.geega.bsc.id.common.network.DistributedIdChannel.setSend(DistributedIdChannel.java:107)
	at com.geega.bsc.id.server.network.ServerProcessor.sendResponse(ServerProcessor.java:184)
	at com.geega.bsc.id.server.network.ServerProcessor.processNewResponses(ServerProcessor.java:166)
	at com.geega.bsc.id.server.network.ServerProcessor.run(ServerProcessor.java:84)
10:10:26.106 [Thread-2] ERROR c.g.b.i.s.n.ServerProcessor - [processNewResponses,170] - 发送请求异常
com.geega.bsc.id.common.exception.DistributedIdException: 异常：上一个Send请求未完成，又开始Send请求了
	at com.geega.bsc.id.common.network.DistributedIdChannel.setSend(DistributedIdChannel.java:107)
	at com.geega.bsc.id.server.network.ServerProcessor.sendResponse(ServerProcessor.java:184)
	at com.geega.bsc.id.server.network.ServerProcessor.processNewResponses(ServerProcessor.java:166)
	at com.geega.bsc.id.server.network.ServerProcessor.run(ServerProcessor.java:84)
10:10:26.107 [Thread-2] ERROR c.g.b.i.s.n.ServerProcessor - [processNewResponses,170] - 发送请求异常
com.geega.bsc.id.common.exception.DistributedIdException: 异常：上一个Send请求未完成，又开始Send请求了
	at com.geega.bsc.id.common.network.DistributedIdChannel.setSend(DistributedIdChannel.java:107)
	at com.geega.bsc.id.server.network.ServerProcessor.sendResponse(ServerProcessor.java:184)
	at com.geega.bsc.id.server.network.ServerProcessor.processNewResponses(ServerProcessor.java:166)
	at com.geega.bsc.id.server.network.ServerProcessor.run(ServerProcessor.java:84)
10:10:26.107 [Thread-2] ERROR c.g.b.i.s.n.ServerProcessor - [processNewResponses,170] - 发送请求异常
com.geega.bsc.id.common.exception.DistributedIdException: 异常：上一个Send请求未完成，又开始Send请求了
	at com.geega.bsc.id.common.network.DistributedIdChannel.setSend(DistributedIdChannel.java:107)
	at com.geega.bsc.id.server.network.ServerProcessor.sendResponse(ServerProcessor.java:184)
	at com.geega.bsc.id.server.network.ServerProcessor.processNewResponses(ServerProcessor.java:166)
	at com.geega.bsc.id.server.network.ServerProcessor.run(ServerProcessor.java:84)
10:10:26.108 [Thread-2] ERROR c.g.b.i.s.n.ServerProcessor - [processNewResponses,170] - 发送请求异常
com.geega.bsc.id.common.exception.DistributedIdException: 异常：上一个Send请求未完成，又开始Send请求了
	at com.geega.bsc.id.common.network.DistributedIdChannel.setSend(DistributedIdChannel.java:107)
	at com.geega.bsc.id.server.network.ServerProcessor.sendResponse(ServerProcessor.java:184)
	at com.geega.bsc.id.server.network.ServerProcessor.processNewResponses(ServerProcessor.java:166)
	at com.geega.bsc.id.server.network.ServerProcessor.run(ServerProcessor.java:84)
10:10:26.109 [Thread-2] ERROR c.g.b.i.s.n.ServerProcessor - [processNewResponses,170] - 发送请求异常
com.geega.bsc.id.common.exception.DistributedIdException: 异常：上一个Send请求未完成，又开始Send请求了
	at com.geega.bsc.id.common.network.DistributedIdChannel.setSend(DistributedIdChannel.java:107)
	at com.geega.bsc.id.server.network.ServerProcessor.sendResponse(ServerProcessor.java:184)
	at com.geega.bsc.id.server.network.ServerProcessor.processNewResponses(ServerProcessor.java:166)
	at com.geega.bsc.id.server.network.ServerProcessor.run(ServerProcessor.java:84)
10:10:26.109 [Thread-2] ERROR c.g.b.i.s.n.ServerProcessor - [processNewResponses,170] - 发送请求异常
com.geega.bsc.id.common.exception.DistributedIdException: 异常：上一个Send请求未完成，又开始Send请求了
	at com.geega.bsc.id.common.network.DistributedIdChannel.setSend(DistributedIdChannel.java:107)
	at com.geega.bsc.id.server.network.ServerProcessor.sendResponse(ServerProcessor.java:184)
	at com.geega.bsc.id.server.network.ServerProcessor.processNewResponses(ServerProcessor.java:166)
	at com.geega.bsc.id.server.network.ServerProcessor.run(ServerProcessor.java:84)
10:10:26.110 [Thread-2] ERROR c.g.b.i.s.n.ServerProcessor - [processNewResponses,170] - 发送请求异常
com.geega.bsc.id.common.exception.DistributedIdException: 异常：上一个Send请求未完成，又开始Send请求了
	at com.geega.bsc.id.common.network.DistributedIdChannel.setSend(DistributedIdChannel.java:107)
	at com.geega.bsc.id.server.network.ServerProcessor.sendResponse(ServerProcessor.java:184)
	at com.geega.bsc.id.server.network.ServerProcessor.processNewResponses(ServerProcessor.java:166)
	at com.geega.bsc.id.server.network.ServerProcessor.run(ServerProcessor.java:84)
10:10:26.110 [Thread-2] ERROR c.g.b.i.s.n.ServerProcessor - [processNewResponses,170] - 发送请求异常
com.geega.bsc.id.common.exception.DistributedIdException: 异常：上一个Send请求未完成，又开始Send请求了
	at com.geega.bsc.id.common.network.DistributedIdChannel.setSend(DistributedIdChannel.java:107)
	at com.geega.bsc.id.server.network.ServerProcessor.sendResponse(ServerProcessor.java:184)
	at com.geega.bsc.id.server.network.ServerProcessor.processNewResponses(ServerProcessor.java:166)
	at com.geega.bsc.id.server.network.ServerProcessor.run(ServerProcessor.java:84)
10:10:26.111 [Thread-2] ERROR c.g.b.i.s.n.ServerProcessor - [processNewResponses,170] - 发送请求异常
com.geega.bsc.id.common.exception.DistributedIdException: 异常：上一个Send请求未完成，又开始Send请求了
	at com.geega.bsc.id.common.network.DistributedIdChannel.setSend(DistributedIdChannel.java:107)
	at com.geega.bsc.id.server.network.ServerProcessor.sendResponse(ServerProcessor.java:184)
	at com.geega.bsc.id.server.network.ServerProcessor.processNewResponses(ServerProcessor.java:166)
	at com.geega.bsc.id.server.network.ServerProcessor.run(ServerProcessor.java:84)
10:10:26.111 [Thread-2] ERROR c.g.b.i.s.n.ServerProcessor - [processNewResponses,170] - 发送请求异常
com.geega.bsc.id.common.exception.DistributedIdException: 异常：上一个Send请求未完成，又开始Send请求了
	at com.geega.bsc.id.common.network.DistributedIdChannel.setSend(DistributedIdChannel.java:107)
	at com.geega.bsc.id.server.network.ServerProcessor.sendResponse(ServerProcessor.java:184)
	at com.geega.bsc.id.server.network.ServerProcessor.processNewResponses(ServerProcessor.java:166)
	at com.geega.bsc.id.server.network.ServerProcessor.run(ServerProcessor.java:84)
10:10:26.112 [Thread-2] ERROR c.g.b.i.s.n.ServerProcessor - [processNewResponses,170] - 发送请求异常
com.geega.bsc.id.common.exception.DistributedIdException: 异常：上一个Send请求未完成，又开始Send请求了
	at com.geega.bsc.id.common.network.DistributedIdChannel.setSend(DistributedIdChannel.java:107)
	at com.geega.bsc.id.server.network.ServerProcessor.sendResponse(ServerProcessor.java:184)
	at com.geega.bsc.id.server.network.ServerProcessor.processNewResponses(ServerProcessor.java:166)
	at com.geega.bsc.id.server.network.ServerProcessor.run(ServerProcessor.java:84)
10:10:26.112 [Thread-2] ERROR c.g.b.i.s.n.ServerProcessor - [processNewResponses,170] - 发送请求异常
com.geega.bsc.id.common.exception.DistributedIdException: 异常：上一个Send请求未完成，又开始Send请求了
	at com.geega.bsc.id.common.network.DistributedIdChannel.setSend(DistributedIdChannel.java:107)
	at com.geega.bsc.id.server.network.ServerProcessor.sendResponse(ServerProcessor.java:184)
	at com.geega.bsc.id.server.network.ServerProcessor.processNewResponses(ServerProcessor.java:166)
	at com.geega.bsc.id.server.network.ServerProcessor.run(ServerProcessor.java:84)
10:10:26.113 [Thread-2] ERROR c.g.b.i.s.n.ServerProcessor - [processNewResponses,170] - 发送请求异常
com.geega.bsc.id.common.exception.DistributedIdException: 异常：上一个Send请求未完成，又开始Send请求了
	at com.geega.bsc.id.common.network.DistributedIdChannel.setSend(DistributedIdChannel.java:107)
	at com.geega.bsc.id.server.network.ServerProcessor.sendResponse(ServerProcessor.java:184)
	at com.geega.bsc.id.server.network.ServerProcessor.processNewResponses(ServerProcessor.java:166)
	at com.geega.bsc.id.server.network.ServerProcessor.run(ServerProcessor.java:84)
10:10:26.114 [Thread-2] ERROR c.g.b.i.s.n.ServerProcessor - [processNewResponses,170] - 发送请求异常
com.geega.bsc.id.common.exception.DistributedIdException: 异常：上一个Send请求未完成，又开始Send请求了
	at com.geega.bsc.id.common.network.DistributedIdChannel.setSend(DistributedIdChannel.java:107)
	at com.geega.bsc.id.server.network.ServerProcessor.sendResponse(ServerProcessor.java:184)
	at com.geega.bsc.id.server.network.ServerProcessor.processNewResponses(ServerProcessor.java:166)
	at com.geega.bsc.id.server.network.ServerProcessor.run(ServerProcessor.java:84)
10:10:26.114 [Thread-2] ERROR c.g.b.i.s.n.ServerProcessor - [processNewResponses,170] - 发送请求异常
com.geega.bsc.id.common.exception.DistributedIdException: 异常：上一个Send请求未完成，又开始Send请求了
	at com.geega.bsc.id.common.network.DistributedIdChannel.setSend(DistributedIdChannel.java:107)
	at com.geega.bsc.id.server.network.ServerProcessor.sendResponse(ServerProcessor.java:184)
	at com.geega.bsc.id.server.network.ServerProcessor.processNewResponses(ServerProcessor.java:166)
	at com.geega.bsc.id.server.network.ServerProcessor.run(ServerProcessor.java:84)
10:10:26.115 [Thread-2] ERROR c.g.b.i.s.n.ServerProcessor - [processNewResponses,170] - 发送请求异常
com.geega.bsc.id.common.exception.DistributedIdException: 异常：上一个Send请求未完成，又开始Send请求了
	at com.geega.bsc.id.common.network.DistributedIdChannel.setSend(DistributedIdChannel.java:107)
	at com.geega.bsc.id.server.network.ServerProcessor.sendResponse(ServerProcessor.java:184)
	at com.geega.bsc.id.server.network.ServerProcessor.processNewResponses(ServerProcessor.java:166)
	at com.geega.bsc.id.server.network.ServerProcessor.run(ServerProcessor.java:84)
10:10:26.116 [Thread-2] ERROR c.g.b.i.s.n.ServerProcessor - [processNewResponses,170] - 发送请求异常
com.geega.bsc.id.common.exception.DistributedIdException: 异常：上一个Send请求未完成，又开始Send请求了
	at com.geega.bsc.id.common.network.DistributedIdChannel.setSend(DistributedIdChannel.java:107)
	at com.geega.bsc.id.server.network.ServerProcessor.sendResponse(ServerProcessor.java:184)
	at com.geega.bsc.id.server.network.ServerProcessor.processNewResponses(ServerProcessor.java:166)
	at com.geega.bsc.id.server.network.ServerProcessor.run(ServerProcessor.java:84)
10:10:26.117 [Thread-2] ERROR c.g.b.i.s.n.ServerProcessor - [processNewResponses,170] - 发送请求异常
com.geega.bsc.id.common.exception.DistributedIdException: 异常：上一个Send请求未完成，又开始Send请求了
	at com.geega.bsc.id.common.network.DistributedIdChannel.setSend(DistributedIdChannel.java:107)
	at com.geega.bsc.id.server.network.ServerProcessor.sendResponse(ServerProcessor.java:184)
	at com.geega.bsc.id.server.network.ServerProcessor.processNewResponses(ServerProcessor.java:166)
	at com.geega.bsc.id.server.network.ServerProcessor.run(ServerProcessor.java:84)
10:10:26.118 [Thread-2] ERROR c.g.b.i.s.n.ServerProcessor - [processNewResponses,170] - 发送请求异常
com.geega.bsc.id.common.exception.DistributedIdException: 异常：上一个Send请求未完成，又开始Send请求了
	at com.geega.bsc.id.common.network.DistributedIdChannel.setSend(DistributedIdChannel.java:107)
	at com.geega.bsc.id.server.network.ServerProcessor.sendResponse(ServerProcessor.java:184)
	at com.geega.bsc.id.server.network.ServerProcessor.processNewResponses(ServerProcessor.java:166)
	at com.geega.bsc.id.server.network.ServerProcessor.run(ServerProcessor.java:84)
10:10:26.118 [Thread-2] ERROR c.g.b.i.s.n.ServerProcessor - [processNewResponses,170] - 发送请求异常
com.geega.bsc.id.common.exception.DistributedIdException: 异常：上一个Send请求未完成，又开始Send请求了
	at com.geega.bsc.id.common.network.DistributedIdChannel.setSend(DistributedIdChannel.java:107)
	at com.geega.bsc.id.server.network.ServerProcessor.sendResponse(ServerProcessor.java:184)
	at com.geega.bsc.id.server.network.ServerProcessor.processNewResponses(ServerProcessor.java:166)
	at com.geega.bsc.id.server.network.ServerProcessor.run(ServerProcessor.java:84)
10:10:26.119 [Thread-2] ERROR c.g.b.i.s.n.ServerProcessor - [processNewResponses,170] - 发送请求异常
com.geega.bsc.id.common.exception.DistributedIdException: 异常：上一个Send请求未完成，又开始Send请求了
	at com.geega.bsc.id.common.network.DistributedIdChannel.setSend(DistributedIdChannel.java:107)
	at com.geega.bsc.id.server.network.ServerProcessor.sendResponse(ServerProcessor.java:184)
	at com.geega.bsc.id.server.network.ServerProcessor.processNewResponses(ServerProcessor.java:166)
	at com.geega.bsc.id.server.network.ServerProcessor.run(ServerProcessor.java:84)
10:10:26.120 [Thread-2] ERROR c.g.b.i.s.n.ServerProcessor - [processNewResponses,170] - 发送请求异常
com.geega.bsc.id.common.exception.DistributedIdException: 异常：上一个Send请求未完成，又开始Send请求了
	at com.geega.bsc.id.common.network.DistributedIdChannel.setSend(DistributedIdChannel.java:107)
	at com.geega.bsc.id.server.network.ServerProcessor.sendResponse(ServerProcessor.java:184)
	at com.geega.bsc.id.server.network.ServerProcessor.processNewResponses(ServerProcessor.java:166)
	at com.geega.bsc.id.server.network.ServerProcessor.run(ServerProcessor.java:84)
10:10:26.120 [Thread-2] ERROR c.g.b.i.s.n.ServerProcessor - [processNewResponses,170] - 发送请求异常
com.geega.bsc.id.common.exception.DistributedIdException: 异常：上一个Send请求未完成，又开始Send请求了
	at com.geega.bsc.id.common.network.DistributedIdChannel.setSend(DistributedIdChannel.java:107)
	at com.geega.bsc.id.server.network.ServerProcessor.sendResponse(ServerProcessor.java:184)
	at com.geega.bsc.id.server.network.ServerProcessor.processNewResponses(ServerProcessor.java:166)
	at com.geega.bsc.id.server.network.ServerProcessor.run(ServerProcessor.java:84)
10:10:26.121 [Thread-2] ERROR c.g.b.i.s.n.ServerProcessor - [processNewResponses,170] - 发送请求异常
com.geega.bsc.id.common.exception.DistributedIdException: 异常：上一个Send请求未完成，又开始Send请求了
	at com.geega.bsc.id.common.network.DistributedIdChannel.setSend(DistributedIdChannel.java:107)
	at com.geega.bsc.id.server.network.ServerProcessor.sendResponse(ServerProcessor.java:184)
	at com.geega.bsc.id.server.network.ServerProcessor.processNewResponses(ServerProcessor.java:166)
	at com.geega.bsc.id.server.network.ServerProcessor.run(ServerProcessor.java:84)
10:10:26.121 [Thread-2] ERROR c.g.b.i.s.n.ServerProcessor - [processNewResponses,170] - 发送请求异常
com.geega.bsc.id.common.exception.DistributedIdException: 异常：上一个Send请求未完成，又开始Send请求了
	at com.geega.bsc.id.common.network.DistributedIdChannel.setSend(DistributedIdChannel.java:107)
	at com.geega.bsc.id.server.network.ServerProcessor.sendResponse(ServerProcessor.java:184)
	at com.geega.bsc.id.server.network.ServerProcessor.processNewResponses(ServerProcessor.java:166)
	at com.geega.bsc.id.server.network.ServerProcessor.run(ServerProcessor.java:84)
10:10:26.123 [Thread-2] ERROR c.g.b.i.s.n.ServerProcessor - [processNewResponses,170] - 发送请求异常
com.geega.bsc.id.common.exception.DistributedIdException: 异常：上一个Send请求未完成，又开始Send请求了
	at com.geega.bsc.id.common.network.DistributedIdChannel.setSend(DistributedIdChannel.java:107)
	at com.geega.bsc.id.server.network.ServerProcessor.sendResponse(ServerProcessor.java:184)
	at com.geega.bsc.id.server.network.ServerProcessor.processNewResponses(ServerProcessor.java:166)
	at com.geega.bsc.id.server.network.ServerProcessor.run(ServerProcessor.java:84)
10:10:26.123 [Thread-2] ERROR c.g.b.i.s.n.ServerProcessor - [processNewResponses,170] - 发送请求异常
com.geega.bsc.id.common.exception.DistributedIdException: 异常：上一个Send请求未完成，又开始Send请求了
	at com.geega.bsc.id.common.network.DistributedIdChannel.setSend(DistributedIdChannel.java:107)
	at com.geega.bsc.id.server.network.ServerProcessor.sendResponse(ServerProcessor.java:184)
	at com.geega.bsc.id.server.network.ServerProcessor.processNewResponses(ServerProcessor.java:166)
	at com.geega.bsc.id.server.network.ServerProcessor.run(ServerProcessor.java:84)
10:10:26.124 [Thread-2] ERROR c.g.b.i.s.n.ServerProcessor - [processNewResponses,170] - 发送请求异常
com.geega.bsc.id.common.exception.DistributedIdException: 异常：上一个Send请求未完成，又开始Send请求了
	at com.geega.bsc.id.common.network.DistributedIdChannel.setSend(DistributedIdChannel.java:107)
	at com.geega.bsc.id.server.network.ServerProcessor.sendResponse(ServerProcessor.java:184)
	at com.geega.bsc.id.server.network.ServerProcessor.processNewResponses(ServerProcessor.java:166)
	at com.geega.bsc.id.server.network.ServerProcessor.run(ServerProcessor.java:84)
10:10:26.124 [Thread-2] ERROR c.g.b.i.s.n.ServerProcessor - [processNewResponses,170] - 发送请求异常
com.geega.bsc.id.common.exception.DistributedIdException: 异常：上一个Send请求未完成，又开始Send请求了
	at com.geega.bsc.id.common.network.DistributedIdChannel.setSend(DistributedIdChannel.java:107)
	at com.geega.bsc.id.server.network.ServerProcessor.sendResponse(ServerProcessor.java:184)
	at com.geega.bsc.id.server.network.ServerProcessor.processNewResponses(ServerProcessor.java:166)
	at com.geega.bsc.id.server.network.ServerProcessor.run(ServerProcessor.java:84)
10:10:26.125 [Thread-2] ERROR c.g.b.i.s.n.ServerProcessor - [processNewResponses,170] - 发送请求异常
com.geega.bsc.id.common.exception.DistributedIdException: 异常：上一个Send请求未完成，又开始Send请求了
	at com.geega.bsc.id.common.network.DistributedIdChannel.setSend(DistributedIdChannel.java:107)
	at com.geega.bsc.id.server.network.ServerProcessor.sendResponse(ServerProcessor.java:184)
	at com.geega.bsc.id.server.network.ServerProcessor.processNewResponses(ServerProcessor.java:166)
	at com.geega.bsc.id.server.network.ServerProcessor.run(ServerProcessor.java:84)
10:10:26.125 [Thread-2] ERROR c.g.b.i.s.n.ServerProcessor - [processNewResponses,170] - 发送请求异常
com.geega.bsc.id.common.exception.DistributedIdException: 异常：上一个Send请求未完成，又开始Send请求了
	at com.geega.bsc.id.common.network.DistributedIdChannel.setSend(DistributedIdChannel.java:107)
	at com.geega.bsc.id.server.network.ServerProcessor.sendResponse(ServerProcessor.java:184)
	at com.geega.bsc.id.server.network.ServerProcessor.processNewResponses(ServerProcessor.java:166)
	at com.geega.bsc.id.server.network.ServerProcessor.run(ServerProcessor.java:84)
10:10:26.126 [Thread-2] ERROR c.g.b.i.s.n.ServerProcessor - [processNewResponses,170] - 发送请求异常
com.geega.bsc.id.common.exception.DistributedIdException: 异常：上一个Send请求未完成，又开始Send请求了
	at com.geega.bsc.id.common.network.DistributedIdChannel.setSend(DistributedIdChannel.java:107)
	at com.geega.bsc.id.server.network.ServerProcessor.sendResponse(ServerProcessor.java:184)
	at com.geega.bsc.id.server.network.ServerProcessor.processNewResponses(ServerProcessor.java:166)
	at com.geega.bsc.id.server.network.ServerProcessor.run(ServerProcessor.java:84)
10:10:26.127 [Thread-2] ERROR c.g.b.i.s.n.ServerProcessor - [processNewResponses,170] - 发送请求异常
com.geega.bsc.id.common.exception.DistributedIdException: 异常：上一个Send请求未完成，又开始Send请求了
	at com.geega.bsc.id.common.network.DistributedIdChannel.setSend(DistributedIdChannel.java:107)
	at com.geega.bsc.id.server.network.ServerProcessor.sendResponse(ServerProcessor.java:184)
	at com.geega.bsc.id.server.network.ServerProcessor.processNewResponses(ServerProcessor.java:166)
	at com.geega.bsc.id.server.network.ServerProcessor.run(ServerProcessor.java:84)
10:10:26.127 [Thread-2] ERROR c.g.b.i.s.n.ServerProcessor - [processNewResponses,170] - 发送请求异常
com.geega.bsc.id.common.exception.DistributedIdException: 异常：上一个Send请求未完成，又开始Send请求了
	at com.geega.bsc.id.common.network.DistributedIdChannel.setSend(DistributedIdChannel.java:107)
	at com.geega.bsc.id.server.network.ServerProcessor.sendResponse(ServerProcessor.java:184)
	at com.geega.bsc.id.server.network.ServerProcessor.processNewResponses(ServerProcessor.java:166)
	at com.geega.bsc.id.server.network.ServerProcessor.run(ServerProcessor.java:84)
10:10:26.128 [Thread-2] ERROR c.g.b.i.s.n.ServerProcessor - [processNewResponses,170] - 发送请求异常
com.geega.bsc.id.common.exception.DistributedIdException: 异常：上一个Send请求未完成，又开始Send请求了
	at com.geega.bsc.id.common.network.DistributedIdChannel.setSend(DistributedIdChannel.java:107)
	at com.geega.bsc.id.server.network.ServerProcessor.sendResponse(ServerProcessor.java:184)
	at com.geega.bsc.id.server.network.ServerProcessor.processNewResponses(ServerProcessor.java:166)
	at com.geega.bsc.id.server.network.ServerProcessor.run(ServerProcessor.java:84)
10:10:26.128 [Thread-2] ERROR c.g.b.i.s.n.ServerProcessor - [processNewResponses,170] - 发送请求异常
com.geega.bsc.id.common.exception.DistributedIdException: 异常：上一个Send请求未完成，又开始Send请求了
	at com.geega.bsc.id.common.network.DistributedIdChannel.setSend(DistributedIdChannel.java:107)
	at com.geega.bsc.id.server.network.ServerProcessor.sendResponse(ServerProcessor.java:184)
	at com.geega.bsc.id.server.network.ServerProcessor.processNewResponses(ServerProcessor.java:166)
	at com.geega.bsc.id.server.network.ServerProcessor.run(ServerProcessor.java:84)
10:10:26.129 [Thread-2] ERROR c.g.b.i.s.n.ServerProcessor - [processNewResponses,170] - 发送请求异常
com.geega.bsc.id.common.exception.DistributedIdException: 异常：上一个Send请求未完成，又开始Send请求了
	at com.geega.bsc.id.common.network.DistributedIdChannel.setSend(DistributedIdChannel.java:107)
	at com.geega.bsc.id.server.network.ServerProcessor.sendResponse(ServerProcessor.java:184)
	at com.geega.bsc.id.server.network.ServerProcessor.processNewResponses(ServerProcessor.java:166)
	at com.geega.bsc.id.server.network.ServerProcessor.run(ServerProcessor.java:84)
10:10:26.129 [Thread-2] ERROR c.g.b.i.s.n.ServerProcessor - [processNewResponses,170] - 发送请求异常
com.geega.bsc.id.common.exception.DistributedIdException: 异常：上一个Send请求未完成，又开始Send请求了
	at com.geega.bsc.id.common.network.DistributedIdChannel.setSend(DistributedIdChannel.java:107)
	at com.geega.bsc.id.server.network.ServerProcessor.sendResponse(ServerProcessor.java:184)
	at com.geega.bsc.id.server.network.ServerProcessor.processNewResponses(ServerProcessor.java:166)
	at com.geega.bsc.id.server.network.ServerProcessor.run(ServerProcessor.java:84)
10:10:26.130 [Thread-2] ERROR c.g.b.i.s.n.ServerProcessor - [processNewResponses,170] - 发送请求异常
com.geega.bsc.id.common.exception.DistributedIdException: 异常：上一个Send请求未完成，又开始Send请求了
	at com.geega.bsc.id.common.network.DistributedIdChannel.setSend(DistributedIdChannel.java:107)
	at com.geega.bsc.id.server.network.ServerProcessor.sendResponse(ServerProcessor.java:184)
	at com.geega.bsc.id.server.network.ServerProcessor.processNewResponses(ServerProcessor.java:166)
	at com.geega.bsc.id.server.network.ServerProcessor.run(ServerProcessor.java:84)
10:10:26.130 [Thread-2] ERROR c.g.b.i.s.n.ServerProcessor - [processNewResponses,170] - 发送请求异常
com.geega.bsc.id.common.exception.DistributedIdException: 异常：上一个Send请求未完成，又开始Send请求了
	at com.geega.bsc.id.common.network.DistributedIdChannel.setSend(DistributedIdChannel.java:107)
	at com.geega.bsc.id.server.network.ServerProcessor.sendResponse(ServerProcessor.java:184)
	at com.geega.bsc.id.server.network.ServerProcessor.processNewResponses(ServerProcessor.java:166)
	at com.geega.bsc.id.server.network.ServerProcessor.run(ServerProcessor.java:84)
10:10:26.131 [Thread-2] ERROR c.g.b.i.s.n.ServerProcessor - [processNewResponses,170] - 发送请求异常
com.geega.bsc.id.common.exception.DistributedIdException: 异常：上一个Send请求未完成，又开始Send请求了
	at com.geega.bsc.id.common.network.DistributedIdChannel.setSend(DistributedIdChannel.java:107)
	at com.geega.bsc.id.server.network.ServerProcessor.sendResponse(ServerProcessor.java:184)
	at com.geega.bsc.id.server.network.ServerProcessor.processNewResponses(ServerProcessor.java:166)
	at com.geega.bsc.id.server.network.ServerProcessor.run(ServerProcessor.java:84)
10:10:26.132 [Thread-2] ERROR c.g.b.i.s.n.ServerProcessor - [processNewResponses,170] - 发送请求异常
com.geega.bsc.id.common.exception.DistributedIdException: 异常：上一个Send请求未完成，又开始Send请求了
	at com.geega.bsc.id.common.network.DistributedIdChannel.setSend(DistributedIdChannel.java:107)
	at com.geega.bsc.id.server.network.ServerProcessor.sendResponse(ServerProcessor.java:184)
	at com.geega.bsc.id.server.network.ServerProcessor.processNewResponses(ServerProcessor.java:166)
	at com.geega.bsc.id.server.network.ServerProcessor.run(ServerProcessor.java:84)
10:10:26.132 [Thread-2] ERROR c.g.b.i.s.n.ServerProcessor - [processNewResponses,170] - 发送请求异常
com.geega.bsc.id.common.exception.DistributedIdException: 异常：上一个Send请求未完成，又开始Send请求了
	at com.geega.bsc.id.common.network.DistributedIdChannel.setSend(DistributedIdChannel.java:107)
	at com.geega.bsc.id.server.network.ServerProcessor.sendResponse(ServerProcessor.java:184)
	at com.geega.bsc.id.server.network.ServerProcessor.processNewResponses(ServerProcessor.java:166)
	at com.geega.bsc.id.server.network.ServerProcessor.run(ServerProcessor.java:84)
10:10:26.133 [Thread-2] ERROR c.g.b.i.s.n.ServerProcessor - [processNewResponses,170] - 发送请求异常
com.geega.bsc.id.common.exception.DistributedIdException: 异常：上一个Send请求未完成，又开始Send请求了
	at com.geega.bsc.id.common.network.DistributedIdChannel.setSend(DistributedIdChannel.java:107)
	at com.geega.bsc.id.server.network.ServerProcessor.sendResponse(ServerProcessor.java:184)
	at com.geega.bsc.id.server.network.ServerProcessor.processNewResponses(ServerProcessor.java:166)
	at com.geega.bsc.id.server.network.ServerProcessor.run(ServerProcessor.java:84)
10:10:26.133 [Thread-2] ERROR c.g.b.i.s.n.ServerProcessor - [processNewResponses,170] - 发送请求异常
com.geega.bsc.id.common.exception.DistributedIdException: 异常：上一个Send请求未完成，又开始Send请求了
	at com.geega.bsc.id.common.network.DistributedIdChannel.setSend(DistributedIdChannel.java:107)
	at com.geega.bsc.id.server.network.ServerProcessor.sendResponse(ServerProcessor.java:184)
	at com.geega.bsc.id.server.network.ServerProcessor.processNewResponses(ServerProcessor.java:166)
	at com.geega.bsc.id.server.network.ServerProcessor.run(ServerProcessor.java:84)
10:10:26.134 [Thread-2] ERROR c.g.b.i.s.n.ServerProcessor - [processNewResponses,170] - 发送请求异常
com.geega.bsc.id.common.exception.DistributedIdException: 异常：上一个Send请求未完成，又开始Send请求了
	at com.geega.bsc.id.common.network.DistributedIdChannel.setSend(DistributedIdChannel.java:107)
	at com.geega.bsc.id.server.network.ServerProcessor.sendResponse(ServerProcessor.java:184)
	at com.geega.bsc.id.server.network.ServerProcessor.processNewResponses(ServerProcessor.java:166)
	at com.geega.bsc.id.server.network.ServerProcessor.run(ServerProcessor.java:84)
10:10:26.135 [Thread-2] ERROR c.g.b.i.s.n.ServerProcessor - [processNewResponses,170] - 发送请求异常
com.geega.bsc.id.common.exception.DistributedIdException: 异常：上一个Send请求未完成，又开始Send请求了
	at com.geega.bsc.id.common.network.DistributedIdChannel.setSend(DistributedIdChannel.java:107)
	at com.geega.bsc.id.server.network.ServerProcessor.sendResponse(ServerProcessor.java:184)
	at com.geega.bsc.id.server.network.ServerProcessor.processNewResponses(ServerProcessor.java:166)
	at com.geega.bsc.id.server.network.ServerProcessor.run(ServerProcessor.java:84)
10:10:26.135 [Thread-2] ERROR c.g.b.i.s.n.ServerProcessor - [processNewResponses,170] - 发送请求异常
com.geega.bsc.id.common.exception.DistributedIdException: 异常：上一个Send请求未完成，又开始Send请求了
	at com.geega.bsc.id.common.network.DistributedIdChannel.setSend(DistributedIdChannel.java:107)
	at com.geega.bsc.id.server.network.ServerProcessor.sendResponse(ServerProcessor.java:184)
	at com.geega.bsc.id.server.network.ServerProcessor.processNewResponses(ServerProcessor.java:166)
	at com.geega.bsc.id.server.network.ServerProcessor.run(ServerProcessor.java:84)
10:10:26.135 [Thread-2] ERROR c.g.b.i.s.n.ServerProcessor - [processNewResponses,170] - 发送请求异常
com.geega.bsc.id.common.exception.DistributedIdException: 异常：上一个Send请求未完成，又开始Send请求了
	at com.geega.bsc.id.common.network.DistributedIdChannel.setSend(DistributedIdChannel.java:107)
	at com.geega.bsc.id.server.network.ServerProcessor.sendResponse(ServerProcessor.java:184)
	at com.geega.bsc.id.server.network.ServerProcessor.processNewResponses(ServerProcessor.java:166)
	at com.geega.bsc.id.server.network.ServerProcessor.run(ServerProcessor.java:84)
10:10:26.136 [Thread-2] ERROR c.g.b.i.s.n.ServerProcessor - [processNewResponses,170] - 发送请求异常
com.geega.bsc.id.common.exception.DistributedIdException: 异常：上一个Send请求未完成，又开始Send请求了
	at com.geega.bsc.id.common.network.DistributedIdChannel.setSend(DistributedIdChannel.java:107)
	at com.geega.bsc.id.server.network.ServerProcessor.sendResponse(ServerProcessor.java:184)
	at com.geega.bsc.id.server.network.ServerProcessor.processNewResponses(ServerProcessor.java:166)
	at com.geega.bsc.id.server.network.ServerProcessor.run(ServerProcessor.java:84)
10:10:26.137 [Thread-2] ERROR c.g.b.i.s.n.ServerProcessor - [processNewResponses,170] - 发送请求异常
com.geega.bsc.id.common.exception.DistributedIdException: 异常：上一个Send请求未完成，又开始Send请求了
	at com.geega.bsc.id.common.network.DistributedIdChannel.setSend(DistributedIdChannel.java:107)
	at com.geega.bsc.id.server.network.ServerProcessor.sendResponse(ServerProcessor.java:184)
	at com.geega.bsc.id.server.network.ServerProcessor.processNewResponses(ServerProcessor.java:166)
	at com.geega.bsc.id.server.network.ServerProcessor.run(ServerProcessor.java:84)
10:10:26.137 [Thread-2] ERROR c.g.b.i.s.n.ServerProcessor - [processNewResponses,170] - 发送请求异常
com.geega.bsc.id.common.exception.DistributedIdException: 异常：上一个Send请求未完成，又开始Send请求了
	at com.geega.bsc.id.common.network.DistributedIdChannel.setSend(DistributedIdChannel.java:107)
	at com.geega.bsc.id.server.network.ServerProcessor.sendResponse(ServerProcessor.java:184)
	at com.geega.bsc.id.server.network.ServerProcessor.processNewResponses(ServerProcessor.java:166)
	at com.geega.bsc.id.server.network.ServerProcessor.run(ServerProcessor.java:84)
10:10:26.138 [Thread-2] ERROR c.g.b.i.s.n.ServerProcessor - [processNewResponses,170] - 发送请求异常
com.geega.bsc.id.common.exception.DistributedIdException: 异常：上一个Send请求未完成，又开始Send请求了
	at com.geega.bsc.id.common.network.DistributedIdChannel.setSend(DistributedIdChannel.java:107)
	at com.geega.bsc.id.server.network.ServerProcessor.sendResponse(ServerProcessor.java:184)
	at com.geega.bsc.id.server.network.ServerProcessor.processNewResponses(ServerProcessor.java:166)
	at com.geega.bsc.id.server.network.ServerProcessor.run(ServerProcessor.java:84)
10:10:26.138 [Thread-2] ERROR c.g.b.i.s.n.ServerProcessor - [processNewResponses,170] - 发送请求异常
com.geega.bsc.id.common.exception.DistributedIdException: 异常：上一个Send请求未完成，又开始Send请求了
	at com.geega.bsc.id.common.network.DistributedIdChannel.setSend(DistributedIdChannel.java:107)
	at com.geega.bsc.id.server.network.ServerProcessor.sendResponse(ServerProcessor.java:184)
	at com.geega.bsc.id.server.network.ServerProcessor.processNewResponses(ServerProcessor.java:166)
	at com.geega.bsc.id.server.network.ServerProcessor.run(ServerProcessor.java:84)
10:10:26.139 [Thread-2] ERROR c.g.b.i.s.n.ServerProcessor - [processNewResponses,170] - 发送请求异常
com.geega.bsc.id.common.exception.DistributedIdException: 异常：上一个Send请求未完成，又开始Send请求了
	at com.geega.bsc.id.common.network.DistributedIdChannel.setSend(DistributedIdChannel.java:107)
	at com.geega.bsc.id.server.network.ServerProcessor.sendResponse(ServerProcessor.java:184)
	at com.geega.bsc.id.server.network.ServerProcessor.processNewResponses(ServerProcessor.java:166)
	at com.geega.bsc.id.server.network.ServerProcessor.run(ServerProcessor.java:84)
10:10:26.139 [Thread-2] ERROR c.g.b.i.s.n.ServerProcessor - [processNewResponses,170] - 发送请求异常
com.geega.bsc.id.common.exception.DistributedIdException: 异常：上一个Send请求未完成，又开始Send请求了
	at com.geega.bsc.id.common.network.DistributedIdChannel.setSend(DistributedIdChannel.java:107)
	at com.geega.bsc.id.server.network.ServerProcessor.sendResponse(ServerProcessor.java:184)
	at com.geega.bsc.id.server.network.ServerProcessor.processNewResponses(ServerProcessor.java:166)
	at com.geega.bsc.id.server.network.ServerProcessor.run(ServerProcessor.java:84)
10:10:26.140 [Thread-2] ERROR c.g.b.i.s.n.ServerProcessor - [processNewResponses,170] - 发送请求异常
com.geega.bsc.id.common.exception.DistributedIdException: 异常：上一个Send请求未完成，又开始Send请求了
	at com.geega.bsc.id.common.network.DistributedIdChannel.setSend(DistributedIdChannel.java:107)
	at com.geega.bsc.id.server.network.ServerProcessor.sendResponse(ServerProcessor.java:184)
	at com.geega.bsc.id.server.network.ServerProcessor.processNewResponses(ServerProcessor.java:166)
	at com.geega.bsc.id.server.network.ServerProcessor.run(ServerProcessor.java:84)
10:10:26.140 [Thread-2] ERROR c.g.b.i.s.n.ServerProcessor - [processNewResponses,170] - 发送请求异常
com.geega.bsc.id.common.exception.DistributedIdException: 异常：上一个Send请求未完成，又开始Send请求了
	at com.geega.bsc.id.common.network.DistributedIdChannel.setSend(DistributedIdChannel.java:107)
	at com.geega.bsc.id.server.network.ServerProcessor.sendResponse(ServerProcessor.java:184)
	at com.geega.bsc.id.server.network.ServerProcessor.processNewResponses(ServerProcessor.java:166)
	at com.geega.bsc.id.server.network.ServerProcessor.run(ServerProcessor.java:84)
10:10:26.141 [Thread-2] ERROR c.g.b.i.s.n.ServerProcessor - [processNewResponses,170] - 发送请求异常
com.geega.bsc.id.common.exception.DistributedIdException: 异常：上一个Send请求未完成，又开始Send请求了
	at com.geega.bsc.id.common.network.DistributedIdChannel.setSend(DistributedIdChannel.java:107)
	at com.geega.bsc.id.server.network.ServerProcessor.sendResponse(ServerProcessor.java:184)
	at com.geega.bsc.id.server.network.ServerProcessor.processNewResponses(ServerProcessor.java:166)
	at com.geega.bsc.id.server.network.ServerProcessor.run(ServerProcessor.java:84)
10:10:26.141 [Thread-2] ERROR c.g.b.i.s.n.ServerProcessor - [processNewResponses,170] - 发送请求异常
com.geega.bsc.id.common.exception.DistributedIdException: 异常：上一个Send请求未完成，又开始Send请求了
	at com.geega.bsc.id.common.network.DistributedIdChannel.setSend(DistributedIdChannel.java:107)
	at com.geega.bsc.id.server.network.ServerProcessor.sendResponse(ServerProcessor.java:184)
	at com.geega.bsc.id.server.network.ServerProcessor.processNewResponses(ServerProcessor.java:166)
	at com.geega.bsc.id.server.network.ServerProcessor.run(ServerProcessor.java:84)
10:10:26.141 [Thread-2] ERROR c.g.b.i.s.n.ServerProcessor - [processNewResponses,170] - 发送请求异常
com.geega.bsc.id.common.exception.DistributedIdException: 异常：上一个Send请求未完成，又开始Send请求了
	at com.geega.bsc.id.common.network.DistributedIdChannel.setSend(DistributedIdChannel.java:107)
	at com.geega.bsc.id.server.network.ServerProcessor.sendResponse(ServerProcessor.java:184)
	at com.geega.bsc.id.server.network.ServerProcessor.processNewResponses(ServerProcessor.java:166)
	at com.geega.bsc.id.server.network.ServerProcessor.run(ServerProcessor.java:84)
10:10:26.142 [Thread-2] ERROR c.g.b.i.s.n.ServerProcessor - [processNewResponses,170] - 发送请求异常
com.geega.bsc.id.common.exception.DistributedIdException: 异常：上一个Send请求未完成，又开始Send请求了
	at com.geega.bsc.id.common.network.DistributedIdChannel.setSend(DistributedIdChannel.java:107)
	at com.geega.bsc.id.server.network.ServerProcessor.sendResponse(ServerProcessor.java:184)
	at com.geega.bsc.id.server.network.ServerProcessor.processNewResponses(ServerProcessor.java:166)
	at com.geega.bsc.id.server.network.ServerProcessor.run(ServerProcessor.java:84)
10:10:26.142 [Thread-2] ERROR c.g.b.i.s.n.ServerProcessor - [processNewResponses,170] - 发送请求异常
com.geega.bsc.id.common.exception.DistributedIdException: 异常：上一个Send请求未完成，又开始Send请求了
	at com.geega.bsc.id.common.network.DistributedIdChannel.setSend(DistributedIdChannel.java:107)
	at com.geega.bsc.id.server.network.ServerProcessor.sendResponse(ServerProcessor.java:184)
	at com.geega.bsc.id.server.network.ServerProcessor.processNewResponses(ServerProcessor.java:166)
	at com.geega.bsc.id.server.network.ServerProcessor.run(ServerProcessor.java:84)
10:10:26.143 [Thread-2] ERROR c.g.b.i.s.n.ServerProcessor - [processNewResponses,170] - 发送请求异常
com.geega.bsc.id.common.exception.DistributedIdException: 异常：上一个Send请求未完成，又开始Send请求了
	at com.geega.bsc.id.common.network.DistributedIdChannel.setSend(DistributedIdChannel.java:107)
	at com.geega.bsc.id.server.network.ServerProcessor.sendResponse(ServerProcessor.java:184)
	at com.geega.bsc.id.server.network.ServerProcessor.processNewResponses(ServerProcessor.java:166)
	at com.geega.bsc.id.server.network.ServerProcessor.run(ServerProcessor.java:84)
10:10:26.143 [Thread-2] ERROR c.g.b.i.s.n.ServerProcessor - [processNewResponses,170] - 发送请求异常
com.geega.bsc.id.common.exception.DistributedIdException: 异常：上一个Send请求未完成，又开始Send请求了
	at com.geega.bsc.id.common.network.DistributedIdChannel.setSend(DistributedIdChannel.java:107)
	at com.geega.bsc.id.server.network.ServerProcessor.sendResponse(ServerProcessor.java:184)
	at com.geega.bsc.id.server.network.ServerProcessor.processNewResponses(ServerProcessor.java:166)
	at com.geega.bsc.id.server.network.ServerProcessor.run(ServerProcessor.java:84)
10:10:26.144 [Thread-2] ERROR c.g.b.i.s.n.ServerProcessor - [processNewResponses,170] - 发送请求异常
com.geega.bsc.id.common.exception.DistributedIdException: 异常：上一个Send请求未完成，又开始Send请求了
	at com.geega.bsc.id.common.network.DistributedIdChannel.setSend(DistributedIdChannel.java:107)
	at com.geega.bsc.id.server.network.ServerProcessor.sendResponse(ServerProcessor.java:184)
	at com.geega.bsc.id.server.network.ServerProcessor.processNewResponses(ServerProcessor.java:166)
	at com.geega.bsc.id.server.network.ServerProcessor.run(ServerProcessor.java:84)
10:10:26.144 [Thread-2] ERROR c.g.b.i.s.n.ServerProcessor - [processNewResponses,170] - 发送请求异常
com.geega.bsc.id.common.exception.DistributedIdException: 异常：上一个Send请求未完成，又开始Send请求了
	at com.geega.bsc.id.common.network.DistributedIdChannel.setSend(DistributedIdChannel.java:107)
	at com.geega.bsc.id.server.network.ServerProcessor.sendResponse(ServerProcessor.java:184)
	at com.geega.bsc.id.server.network.ServerProcessor.processNewResponses(ServerProcessor.java:166)
	at com.geega.bsc.id.server.network.ServerProcessor.run(ServerProcessor.java:84)
10:10:26.145 [Thread-2] ERROR c.g.b.i.s.n.ServerProcessor - [processNewResponses,170] - 发送请求异常
com.geega.bsc.id.common.exception.DistributedIdException: 异常：上一个Send请求未完成，又开始Send请求了
	at com.geega.bsc.id.common.network.DistributedIdChannel.setSend(DistributedIdChannel.java:107)
	at com.geega.bsc.id.server.network.ServerProcessor.sendResponse(ServerProcessor.java:184)
	at com.geega.bsc.id.server.network.ServerProcessor.processNewResponses(ServerProcessor.java:166)
	at com.geega.bsc.id.server.network.ServerProcessor.run(ServerProcessor.java:84)
10:10:26.146 [Thread-2] ERROR c.g.b.i.s.n.ServerProcessor - [processNewResponses,170] - 发送请求异常
com.geega.bsc.id.common.exception.DistributedIdException: 异常：上一个Send请求未完成，又开始Send请求了
	at com.geega.bsc.id.common.network.DistributedIdChannel.setSend(DistributedIdChannel.java:107)
	at com.geega.bsc.id.server.network.ServerProcessor.sendResponse(ServerProcessor.java:184)
	at com.geega.bsc.id.server.network.ServerProcessor.processNewResponses(ServerProcessor.java:166)
	at com.geega.bsc.id.server.network.ServerProcessor.run(ServerProcessor.java:84)
10:10:26.146 [Thread-2] ERROR c.g.b.i.s.n.ServerProcessor - [processNewResponses,170] - 发送请求异常
com.geega.bsc.id.common.exception.DistributedIdException: 异常：上一个Send请求未完成，又开始Send请求了
	at com.geega.bsc.id.common.network.DistributedIdChannel.setSend(DistributedIdChannel.java:107)
	at com.geega.bsc.id.server.network.ServerProcessor.sendResponse(ServerProcessor.java:184)
	at com.geega.bsc.id.server.network.ServerProcessor.processNewResponses(ServerProcessor.java:166)
	at com.geega.bsc.id.server.network.ServerProcessor.run(ServerProcessor.java:84)
10:10:26.146 [Thread-2] ERROR c.g.b.i.s.n.ServerProcessor - [processNewResponses,170] - 发送请求异常
com.geega.bsc.id.common.exception.DistributedIdException: 异常：上一个Send请求未完成，又开始Send请求了
	at com.geega.bsc.id.common.network.DistributedIdChannel.setSend(DistributedIdChannel.java:107)
	at com.geega.bsc.id.server.network.ServerProcessor.sendResponse(ServerProcessor.java:184)
	at com.geega.bsc.id.server.network.ServerProcessor.processNewResponses(ServerProcessor.java:166)
	at com.geega.bsc.id.server.network.ServerProcessor.run(ServerProcessor.java:84)
10:10:26.147 [Thread-2] ERROR c.g.b.i.s.n.ServerProcessor - [processNewResponses,170] - 发送请求异常
com.geega.bsc.id.common.exception.DistributedIdException: 异常：上一个Send请求未完成，又开始Send请求了
	at com.geega.bsc.id.common.network.DistributedIdChannel.setSend(DistributedIdChannel.java:107)
	at com.geega.bsc.id.server.network.ServerProcessor.sendResponse(ServerProcessor.java:184)
	at com.geega.bsc.id.server.network.ServerProcessor.processNewResponses(ServerProcessor.java:166)
	at com.geega.bsc.id.server.network.ServerProcessor.run(ServerProcessor.java:84)
10:10:31.826 [Thread-2] ERROR c.g.b.i.s.n.ServerProcessor - [processNewResponses,170] - 发送请求异常
com.geega.bsc.id.common.exception.DistributedIdException: 异常：上一个Send请求未完成，又开始Send请求了
	at com.geega.bsc.id.common.network.DistributedIdChannel.setSend(DistributedIdChannel.java:107)
	at com.geega.bsc.id.server.network.ServerProcessor.sendResponse(ServerProcessor.java:184)
	at com.geega.bsc.id.server.network.ServerProcessor.processNewResponses(ServerProcessor.java:166)
	at com.geega.bsc.id.server.network.ServerProcessor.run(ServerProcessor.java:84)
10:10:31.828 [Thread-2] ERROR c.g.b.i.s.n.ServerProcessor - [processNewResponses,170] - 发送请求异常
com.geega.bsc.id.common.exception.DistributedIdException: 异常：上一个Send请求未完成，又开始Send请求了
	at com.geega.bsc.id.common.network.DistributedIdChannel.setSend(DistributedIdChannel.java:107)
	at com.geega.bsc.id.server.network.ServerProcessor.sendResponse(ServerProcessor.java:184)
	at com.geega.bsc.id.server.network.ServerProcessor.processNewResponses(ServerProcessor.java:166)
	at com.geega.bsc.id.server.network.ServerProcessor.run(ServerProcessor.java:84)
10:10:31.828 [Thread-2] ERROR c.g.b.i.s.n.ServerProcessor - [processNewResponses,170] - 发送请求异常
com.geega.bsc.id.common.exception.DistributedIdException: 异常：上一个Send请求未完成，又开始Send请求了
	at com.geega.bsc.id.common.network.DistributedIdChannel.setSend(DistributedIdChannel.java:107)
	at com.geega.bsc.id.server.network.ServerProcessor.sendResponse(ServerProcessor.java:184)
	at com.geega.bsc.id.server.network.ServerProcessor.processNewResponses(ServerProcessor.java:166)
	at com.geega.bsc.id.server.network.ServerProcessor.run(ServerProcessor.java:84)
10:10:31.829 [Thread-2] ERROR c.g.b.i.s.n.ServerProcessor - [processNewResponses,170] - 发送请求异常
com.geega.bsc.id.common.exception.DistributedIdException: 异常：上一个Send请求未完成，又开始Send请求了
	at com.geega.bsc.id.common.network.DistributedIdChannel.setSend(DistributedIdChannel.java:107)
	at com.geega.bsc.id.server.network.ServerProcessor.sendResponse(ServerProcessor.java:184)
	at com.geega.bsc.id.server.network.ServerProcessor.processNewResponses(ServerProcessor.java:166)
	at com.geega.bsc.id.server.network.ServerProcessor.run(ServerProcessor.java:84)
10:10:45.910 [Thread-2] ERROR c.g.b.i.s.n.ServerProcessor - [processNewResponses,170] - 发送请求异常
com.geega.bsc.id.common.exception.DistributedIdException: 异常：上一个Send请求未完成，又开始Send请求了
	at com.geega.bsc.id.common.network.DistributedIdChannel.setSend(DistributedIdChannel.java:107)
	at com.geega.bsc.id.server.network.ServerProcessor.sendResponse(ServerProcessor.java:184)
	at com.geega.bsc.id.server.network.ServerProcessor.processNewResponses(ServerProcessor.java:166)
	at com.geega.bsc.id.server.network.ServerProcessor.run(ServerProcessor.java:84)
10:10:45.912 [Thread-2] ERROR c.g.b.i.s.n.ServerProcessor - [processNewResponses,170] - 发送请求异常
com.geega.bsc.id.common.exception.DistributedIdException: 异常：上一个Send请求未完成，又开始Send请求了
	at com.geega.bsc.id.common.network.DistributedIdChannel.setSend(DistributedIdChannel.java:107)
	at com.geega.bsc.id.server.network.ServerProcessor.sendResponse(ServerProcessor.java:184)
	at com.geega.bsc.id.server.network.ServerProcessor.processNewResponses(ServerProcessor.java:166)
	at com.geega.bsc.id.server.network.ServerProcessor.run(ServerProcessor.java:84)
10:11:03.909 [Thread-2] ERROR c.g.b.i.s.n.ServerProcessor - [processNewResponses,170] - 发送请求异常
com.geega.bsc.id.common.exception.DistributedIdException: 异常：上一个Send请求未完成，又开始Send请求了
	at com.geega.bsc.id.common.network.DistributedIdChannel.setSend(DistributedIdChannel.java:107)
	at com.geega.bsc.id.server.network.ServerProcessor.sendResponse(ServerProcessor.java:184)
	at com.geega.bsc.id.server.network.ServerProcessor.processNewResponses(ServerProcessor.java:166)
	at com.geega.bsc.id.server.network.ServerProcessor.run(ServerProcessor.java:84)
10:11:03.910 [Thread-2] ERROR c.g.b.i.s.n.ServerProcessor - [processNewResponses,170] - 发送请求异常
com.geega.bsc.id.common.exception.DistributedIdException: 异常：上一个Send请求未完成，又开始Send请求了
	at com.geega.bsc.id.common.network.DistributedIdChannel.setSend(DistributedIdChannel.java:107)
	at com.geega.bsc.id.server.network.ServerProcessor.sendResponse(ServerProcessor.java:184)
	at com.geega.bsc.id.server.network.ServerProcessor.processNewResponses(ServerProcessor.java:166)
	at com.geega.bsc.id.server.network.ServerProcessor.run(ServerProcessor.java:84)
10:11:03.912 [Thread-2] ERROR c.g.b.i.s.n.ServerProcessor - [processNewResponses,170] - 发送请求异常
com.geega.bsc.id.common.exception.DistributedIdException: 异常：上一个Send请求未完成，又开始Send请求了
	at com.geega.bsc.id.common.network.DistributedIdChannel.setSend(DistributedIdChannel.java:107)
	at com.geega.bsc.id.server.network.ServerProcessor.sendResponse(ServerProcessor.java:184)
	at com.geega.bsc.id.server.network.ServerProcessor.processNewResponses(ServerProcessor.java:166)
	at com.geega.bsc.id.server.network.ServerProcessor.run(ServerProcessor.java:84)
10:11:03.914 [Thread-2] ERROR c.g.b.i.s.n.ServerProcessor - [processNewResponses,170] - 发送请求异常
com.geega.bsc.id.common.exception.DistributedIdException: 异常：上一个Send请求未完成，又开始Send请求了
	at com.geega.bsc.id.common.network.DistributedIdChannel.setSend(DistributedIdChannel.java:107)
	at com.geega.bsc.id.server.network.ServerProcessor.sendResponse(ServerProcessor.java:184)
	at com.geega.bsc.id.server.network.ServerProcessor.processNewResponses(ServerProcessor.java:166)
	at com.geega.bsc.id.server.network.ServerProcessor.run(ServerProcessor.java:84)
10:11:03.915 [Thread-2] ERROR c.g.b.i.s.n.ServerProcessor - [processNewResponses,170] - 发送请求异常
com.geega.bsc.id.common.exception.DistributedIdException: 异常：上一个Send请求未完成，又开始Send请求了
	at com.geega.bsc.id.common.network.DistributedIdChannel.setSend(DistributedIdChannel.java:107)
	at com.geega.bsc.id.server.network.ServerProcessor.sendResponse(ServerProcessor.java:184)
	at com.geega.bsc.id.server.network.ServerProcessor.processNewResponses(ServerProcessor.java:166)
	at com.geega.bsc.id.server.network.ServerProcessor.run(ServerProcessor.java:84)
10:11:03.916 [Thread-2] ERROR c.g.b.i.s.n.ServerProcessor - [processNewResponses,170] - 发送请求异常
com.geega.bsc.id.common.exception.DistributedIdException: 异常：上一个Send请求未完成，又开始Send请求了
	at com.geega.bsc.id.common.network.DistributedIdChannel.setSend(DistributedIdChannel.java:107)
	at com.geega.bsc.id.server.network.ServerProcessor.sendResponse(ServerProcessor.java:184)
	at com.geega.bsc.id.server.network.ServerProcessor.processNewResponses(ServerProcessor.java:166)
	at com.geega.bsc.id.server.network.ServerProcessor.run(ServerProcessor.java:84)
10:11:03.917 [Thread-2] ERROR c.g.b.i.s.n.ServerProcessor - [processNewResponses,170] - 发送请求异常
com.geega.bsc.id.common.exception.DistributedIdException: 异常：上一个Send请求未完成，又开始Send请求了
	at com.geega.bsc.id.common.network.DistributedIdChannel.setSend(DistributedIdChannel.java:107)
	at com.geega.bsc.id.server.network.ServerProcessor.sendResponse(ServerProcessor.java:184)
	at com.geega.bsc.id.server.network.ServerProcessor.processNewResponses(ServerProcessor.java:166)
	at com.geega.bsc.id.server.network.ServerProcessor.run(ServerProcessor.java:84)
10:11:03.919 [Thread-2] ERROR c.g.b.i.s.n.ServerProcessor - [processNewResponses,170] - 发送请求异常
com.geega.bsc.id.common.exception.DistributedIdException: 异常：上一个Send请求未完成，又开始Send请求了
	at com.geega.bsc.id.common.network.DistributedIdChannel.setSend(DistributedIdChannel.java:107)
	at com.geega.bsc.id.server.network.ServerProcessor.sendResponse(ServerProcessor.java:184)
	at com.geega.bsc.id.server.network.ServerProcessor.processNewResponses(ServerProcessor.java:166)
	at com.geega.bsc.id.server.network.ServerProcessor.run(ServerProcessor.java:84)
10:11:03.921 [Thread-2] ERROR c.g.b.i.s.n.ServerProcessor - [processNewResponses,170] - 发送请求异常
com.geega.bsc.id.common.exception.DistributedIdException: 异常：上一个Send请求未完成，又开始Send请求了
	at com.geega.bsc.id.common.network.DistributedIdChannel.setSend(DistributedIdChannel.java:107)
	at com.geega.bsc.id.server.network.ServerProcessor.sendResponse(ServerProcessor.java:184)
	at com.geega.bsc.id.server.network.ServerProcessor.processNewResponses(ServerProcessor.java:166)
	at com.geega.bsc.id.server.network.ServerProcessor.run(ServerProcessor.java:84)
10:11:03.922 [Thread-2] ERROR c.g.b.i.s.n.ServerProcessor - [processNewResponses,170] - 发送请求异常
com.geega.bsc.id.common.exception.DistributedIdException: 异常：上一个Send请求未完成，又开始Send请求了
	at com.geega.bsc.id.common.network.DistributedIdChannel.setSend(DistributedIdChannel.java:107)
	at com.geega.bsc.id.server.network.ServerProcessor.sendResponse(ServerProcessor.java:184)
	at com.geega.bsc.id.server.network.ServerProcessor.processNewResponses(ServerProcessor.java:166)
	at com.geega.bsc.id.server.network.ServerProcessor.run(ServerProcessor.java:84)
10:11:03.924 [Thread-2] ERROR c.g.b.i.s.n.ServerProcessor - [processNewResponses,170] - 发送请求异常
com.geega.bsc.id.common.exception.DistributedIdException: 异常：上一个Send请求未完成，又开始Send请求了
	at com.geega.bsc.id.common.network.DistributedIdChannel.setSend(DistributedIdChannel.java:107)
	at com.geega.bsc.id.server.network.ServerProcessor.sendResponse(ServerProcessor.java:184)
	at com.geega.bsc.id.server.network.ServerProcessor.processNewResponses(ServerProcessor.java:166)
	at com.geega.bsc.id.server.network.ServerProcessor.run(ServerProcessor.java:84)
10:11:03.925 [Thread-2] ERROR c.g.b.i.s.n.ServerProcessor - [processNewResponses,170] - 发送请求异常
com.geega.bsc.id.common.exception.DistributedIdException: 异常：上一个Send请求未完成，又开始Send请求了
	at com.geega.bsc.id.common.network.DistributedIdChannel.setSend(DistributedIdChannel.java:107)
	at com.geega.bsc.id.server.network.ServerProcessor.sendResponse(ServerProcessor.java:184)
	at com.geega.bsc.id.server.network.ServerProcessor.processNewResponses(ServerProcessor.java:166)
	at com.geega.bsc.id.server.network.ServerProcessor.run(ServerProcessor.java:84)
10:11:03.926 [Thread-2] ERROR c.g.b.i.s.n.ServerProcessor - [processNewResponses,170] - 发送请求异常
com.geega.bsc.id.common.exception.DistributedIdException: 异常：上一个Send请求未完成，又开始Send请求了
	at com.geega.bsc.id.common.network.DistributedIdChannel.setSend(DistributedIdChannel.java:107)
	at com.geega.bsc.id.server.network.ServerProcessor.sendResponse(ServerProcessor.java:184)
	at com.geega.bsc.id.server.network.ServerProcessor.processNewResponses(ServerProcessor.java:166)
	at com.geega.bsc.id.server.network.ServerProcessor.run(ServerProcessor.java:84)
10:11:03.928 [Thread-2] ERROR c.g.b.i.s.n.ServerProcessor - [processNewResponses,170] - 发送请求异常
com.geega.bsc.id.common.exception.DistributedIdException: 异常：上一个Send请求未完成，又开始Send请求了
	at com.geega.bsc.id.common.network.DistributedIdChannel.setSend(DistributedIdChannel.java:107)
	at com.geega.bsc.id.server.network.ServerProcessor.sendResponse(ServerProcessor.java:184)
	at com.geega.bsc.id.server.network.ServerProcessor.processNewResponses(ServerProcessor.java:166)
	at com.geega.bsc.id.server.network.ServerProcessor.run(ServerProcessor.java:84)
10:11:03.929 [Thread-2] ERROR c.g.b.i.s.n.ServerProcessor - [processNewResponses,170] - 发送请求异常
com.geega.bsc.id.common.exception.DistributedIdException: 异常：上一个Send请求未完成，又开始Send请求了
	at com.geega.bsc.id.common.network.DistributedIdChannel.setSend(DistributedIdChannel.java:107)
	at com.geega.bsc.id.server.network.ServerProcessor.sendResponse(ServerProcessor.java:184)
	at com.geega.bsc.id.server.network.ServerProcessor.processNewResponses(ServerProcessor.java:166)
	at com.geega.bsc.id.server.network.ServerProcessor.run(ServerProcessor.java:84)
10:11:03.930 [Thread-2] ERROR c.g.b.i.s.n.ServerProcessor - [processNewResponses,170] - 发送请求异常
com.geega.bsc.id.common.exception.DistributedIdException: 异常：上一个Send请求未完成，又开始Send请求了
	at com.geega.bsc.id.common.network.DistributedIdChannel.setSend(DistributedIdChannel.java:107)
	at com.geega.bsc.id.server.network.ServerProcessor.sendResponse(ServerProcessor.java:184)
	at com.geega.bsc.id.server.network.ServerProcessor.processNewResponses(ServerProcessor.java:166)
	at com.geega.bsc.id.server.network.ServerProcessor.run(ServerProcessor.java:84)
10:11:03.931 [Thread-2] ERROR c.g.b.i.s.n.ServerProcessor - [processNewResponses,170] - 发送请求异常
com.geega.bsc.id.common.exception.DistributedIdException: 异常：上一个Send请求未完成，又开始Send请求了
	at com.geega.bsc.id.common.network.DistributedIdChannel.setSend(DistributedIdChannel.java:107)
	at com.geega.bsc.id.server.network.ServerProcessor.sendResponse(ServerProcessor.java:184)
	at com.geega.bsc.id.server.network.ServerProcessor.processNewResponses(ServerProcessor.java:166)
	at com.geega.bsc.id.server.network.ServerProcessor.run(ServerProcessor.java:84)
10:11:03.933 [Thread-2] ERROR c.g.b.i.s.n.ServerProcessor - [processNewResponses,170] - 发送请求异常
com.geega.bsc.id.common.exception.DistributedIdException: 异常：上一个Send请求未完成，又开始Send请求了
	at com.geega.bsc.id.common.network.DistributedIdChannel.setSend(DistributedIdChannel.java:107)
	at com.geega.bsc.id.server.network.ServerProcessor.sendResponse(ServerProcessor.java:184)
	at com.geega.bsc.id.server.network.ServerProcessor.processNewResponses(ServerProcessor.java:166)
	at com.geega.bsc.id.server.network.ServerProcessor.run(ServerProcessor.java:84)
10:11:03.935 [Thread-2] ERROR c.g.b.i.s.n.ServerProcessor - [processNewResponses,170] - 发送请求异常
com.geega.bsc.id.common.exception.DistributedIdException: 异常：上一个Send请求未完成，又开始Send请求了
	at com.geega.bsc.id.common.network.DistributedIdChannel.setSend(DistributedIdChannel.java:107)
	at com.geega.bsc.id.server.network.ServerProcessor.sendResponse(ServerProcessor.java:184)
	at com.geega.bsc.id.server.network.ServerProcessor.processNewResponses(ServerProcessor.java:166)
	at com.geega.bsc.id.server.network.ServerProcessor.run(ServerProcessor.java:84)
10:11:03.936 [Thread-2] ERROR c.g.b.i.s.n.ServerProcessor - [processNewResponses,170] - 发送请求异常
com.geega.bsc.id.common.exception.DistributedIdException: 异常：上一个Send请求未完成，又开始Send请求了
	at com.geega.bsc.id.common.network.DistributedIdChannel.setSend(DistributedIdChannel.java:107)
	at com.geega.bsc.id.server.network.ServerProcessor.sendResponse(ServerProcessor.java:184)
	at com.geega.bsc.id.server.network.ServerProcessor.processNewResponses(ServerProcessor.java:166)
	at com.geega.bsc.id.server.network.ServerProcessor.run(ServerProcessor.java:84)
10:26:09.021 [Thread-2] ERROR c.g.b.i.s.n.ServerProcessor - [processNewResponses,172] - 发送请求异常
com.geega.bsc.id.common.exception.DistributedIdException: 异常：上一个Send请求未完成，又开始Send请求了
	at com.geega.bsc.id.common.network.DistributedIdChannel.setSend(DistributedIdChannel.java:111)
	at com.geega.bsc.id.server.network.ServerProcessor.sendResponse(ServerProcessor.java:186)
	at com.geega.bsc.id.server.network.ServerProcessor.processNewResponses(ServerProcessor.java:168)
	at com.geega.bsc.id.server.network.ServerProcessor.run(ServerProcessor.java:86)
10:26:09.024 [Thread-2] ERROR c.g.b.i.s.n.ServerProcessor - [processNewResponses,172] - 发送请求异常
com.geega.bsc.id.common.exception.DistributedIdException: 异常：上一个Send请求未完成，又开始Send请求了
	at com.geega.bsc.id.common.network.DistributedIdChannel.setSend(DistributedIdChannel.java:111)
	at com.geega.bsc.id.server.network.ServerProcessor.sendResponse(ServerProcessor.java:186)
	at com.geega.bsc.id.server.network.ServerProcessor.processNewResponses(ServerProcessor.java:168)
	at com.geega.bsc.id.server.network.ServerProcessor.run(ServerProcessor.java:86)
10:26:25.829 [Thread-2] ERROR c.g.b.i.s.n.ServerProcessor - [processNewResponses,172] - 发送请求异常
com.geega.bsc.id.common.exception.DistributedIdException: 异常：上一个Send请求未完成，又开始Send请求了
	at com.geega.bsc.id.common.network.DistributedIdChannel.setSend(DistributedIdChannel.java:111)
	at com.geega.bsc.id.server.network.ServerProcessor.sendResponse(ServerProcessor.java:186)
	at com.geega.bsc.id.server.network.ServerProcessor.processNewResponses(ServerProcessor.java:168)
	at com.geega.bsc.id.server.network.ServerProcessor.run(ServerProcessor.java:86)
11:32:49.750 [Thread-2] ERROR c.g.b.i.s.n.ServerProcessor - [handleEvent,157] - IO异常，连接：/192.168.99.1
