18:29:12.306 [Thread-2] ERROR c.g.b.i.s.n.ServerProcessor - [processNewResponses,170] - 发送请求异常
com.geega.bsc.id.common.exception.DistributedIdException: 异常：上一个Send请求未完成，又开始Send请求了
	at com.geega.bsc.id.common.network.DistributedIdChannel.setSend(DistributedIdChannel.java:107)
	at com.geega.bsc.id.server.network.ServerProcessor.sendResponse(ServerProcessor.java:184)
	at com.geega.bsc.id.server.network.ServerProcessor.processNewResponses(ServerProcessor.java:166)
	at com.geega.bsc.id.server.network.ServerProcessor.run(ServerProcessor.java:84)
18:29:12.309 [Thread-2] ERROR c.g.b.i.s.n.ServerProcessor - [processNewResponses,170] - 发送请求异常
com.geega.bsc.id.common.exception.DistributedIdException: 异常：上一个Send请求未完成，又开始Send请求了
	at com.geega.bsc.id.common.network.DistributedIdChannel.setSend(DistributedIdChannel.java:107)
	at com.geega.bsc.id.server.network.ServerProcessor.sendResponse(ServerProcessor.java:184)
	at com.geega.bsc.id.server.network.ServerProcessor.processNewResponses(ServerProcessor.java:166)
	at com.geega.bsc.id.server.network.ServerProcessor.run(ServerProcessor.java:84)
18:29:12.333 [Thread-2] ERROR c.g.b.i.s.n.ServerProcessor - [processNewResponses,170] - 发送请求异常
com.geega.bsc.id.common.exception.DistributedIdException: 异常：上一个Send请求未完成，又开始Send请求了
	at com.geega.bsc.id.common.network.DistributedIdChannel.setSend(DistributedIdChannel.java:107)
	at com.geega.bsc.id.server.network.ServerProcessor.sendResponse(ServerProcessor.java:184)
	at com.geega.bsc.id.server.network.ServerProcessor.processNewResponses(ServerProcessor.java:166)
	at com.geega.bsc.id.server.network.ServerProcessor.run(ServerProcessor.java:84)
18:29:12.846 [Thread-2] ERROR c.g.b.i.s.n.ServerProcessor - [processNewResponses,170] - 发送请求异常
com.geega.bsc.id.common.exception.DistributedIdException: 异常：上一个Send请求未完成，又开始Send请求了
	at com.geega.bsc.id.common.network.DistributedIdChannel.setSend(DistributedIdChannel.java:107)
	at com.geega.bsc.id.server.network.ServerProcessor.sendResponse(ServerProcessor.java:184)
	at com.geega.bsc.id.server.network.ServerProcessor.processNewResponses(ServerProcessor.java:166)
	at com.geega.bsc.id.server.network.ServerProcessor.run(ServerProcessor.java:84)
18:29:12.848 [Thread-2] ERROR c.g.b.i.s.n.ServerProcessor - [processNewResponses,170] - 发送请求异常
com.geega.bsc.id.common.exception.DistributedIdException: 异常：上一个Send请求未完成，又开始Send请求了
	at com.geega.bsc.id.common.network.DistributedIdChannel.setSend(DistributedIdChannel.java:107)
	at com.geega.bsc.id.server.network.ServerProcessor.sendResponse(ServerProcessor.java:184)
	at com.geega.bsc.id.server.network.ServerProcessor.processNewResponses(ServerProcessor.java:166)
	at com.geega.bsc.id.server.network.ServerProcessor.run(ServerProcessor.java:84)
18:29:20.029 [Thread-2] ERROR c.g.b.i.s.n.ServerProcessor - [processNewResponses,170] - 发送请求异常
com.geega.bsc.id.common.exception.DistributedIdException: 异常：上一个Send请求未完成，又开始Send请求了
	at com.geega.bsc.id.common.network.DistributedIdChannel.setSend(DistributedIdChannel.java:107)
	at com.geega.bsc.id.server.network.ServerProcessor.sendResponse(ServerProcessor.java:184)
	at com.geega.bsc.id.server.network.ServerProcessor.processNewResponses(ServerProcessor.java:166)
	at com.geega.bsc.id.server.network.ServerProcessor.run(ServerProcessor.java:84)
18:29:27.746 [Thread-2] ERROR c.g.b.i.s.n.ServerProcessor - [processNewResponses,170] - 发送请求异常
com.geega.bsc.id.common.exception.DistributedIdException: 异常：上一个Send请求未完成，又开始Send请求了
	at com.geega.bsc.id.common.network.DistributedIdChannel.setSend(DistributedIdChannel.java:107)
	at com.geega.bsc.id.server.network.ServerProcessor.sendResponse(ServerProcessor.java:184)
	at com.geega.bsc.id.server.network.ServerProcessor.processNewResponses(ServerProcessor.java:166)
	at com.geega.bsc.id.server.network.ServerProcessor.run(ServerProcessor.java:84)
18:29:27.747 [Thread-2] ERROR c.g.b.i.s.n.ServerProcessor - [processNewResponses,170] - 发送请求异常
com.geega.bsc.id.common.exception.DistributedIdException: 异常：上一个Send请求未完成，又开始Send请求了
	at com.geega.bsc.id.common.network.DistributedIdChannel.setSend(DistributedIdChannel.java:107)
	at com.geega.bsc.id.server.network.ServerProcessor.sendResponse(ServerProcessor.java:184)
	at com.geega.bsc.id.server.network.ServerProcessor.processNewResponses(ServerProcessor.java:166)
	at com.geega.bsc.id.server.network.ServerProcessor.run(ServerProcessor.java:84)
18:29:27.750 [Thread-2] ERROR c.g.b.i.s.n.ServerProcessor - [processNewResponses,170] - 发送请求异常
com.geega.bsc.id.common.exception.DistributedIdException: 异常：上一个Send请求未完成，又开始Send请求了
	at com.geega.bsc.id.common.network.DistributedIdChannel.setSend(DistributedIdChannel.java:107)
	at com.geega.bsc.id.server.network.ServerProcessor.sendResponse(ServerProcessor.java:184)
	at com.geega.bsc.id.server.network.ServerProcessor.processNewResponses(ServerProcessor.java:166)
	at com.geega.bsc.id.server.network.ServerProcessor.run(ServerProcessor.java:84)
18:29:27.751 [Thread-2] ERROR c.g.b.i.s.n.ServerProcessor - [processNewResponses,170] - 发送请求异常
com.geega.bsc.id.common.exception.DistributedIdException: 异常：上一个Send请求未完成，又开始Send请求了
	at com.geega.bsc.id.common.network.DistributedIdChannel.setSend(DistributedIdChannel.java:107)
	at com.geega.bsc.id.server.network.ServerProcessor.sendResponse(ServerProcessor.java:184)
	at com.geega.bsc.id.server.network.ServerProcessor.processNewResponses(ServerProcessor.java:166)
	at com.geega.bsc.id.server.network.ServerProcessor.run(ServerProcessor.java:84)
